<?xml version="1.0" encoding="UTF-8"?>
<!-- Generated by org.testng.reporters.JUnitReportReporter -->
<testsuite hostname="LAPTOP-6A97OBMG" failures="0" tests="4" name="day1.WeatherAPI" time="3.662" errors="0" timestamp="2021-10-07T19:02:14 IST" skipped="2">
  <testcase classname="day1.WeatherAPI" name="getWeather3" time="3.032"/>
  <system-out/>
  <testcase classname="day1.WeatherAPI" name="getWeather4" time="0.630"/>
  <system-out/>
  <testcase classname="day1.WeatherAPI" name="getWeather">
    <skipped/>
  </testcase> <!-- getWeather -->
  <system-out/>
  <testcase classname="day1.WeatherAPI" name="getWeather2">
    <skipped/>
  </testcase> <!-- getWeather2 -->
  <system-out/>
</testsuite> <!-- day1.WeatherAPI -->
