<?xml version="1.0" encoding="UTF-8"?>
<!-- Generated by org.testng.reporters.JUnitReportReporter -->
<testsuite hostname="LAPTOP-6A97OBMG" failures="0" tests="3" name="day2.NegativeContactList" time="3.415" errors="0" timestamp="2021-10-08T12:43:18 IST" skipped="2">
  <testcase classname="day2.NegativeContactList" name="addingContactBigSize" time="3.415"/>
  <system-out/>
  <testcase classname="day2.NegativeContactList" name="addingContactMissing">
    <skipped/>
  </testcase> <!-- addingContactMissing -->
  <system-out/>
  <testcase classname="day2.NegativeContactList" name="recordNotFound">
    <skipped/>
  </testcase> <!-- recordNotFound -->
  <system-out/>
</testsuite> <!-- day2.NegativeContactList -->
