<?xml version="1.0" encoding="UTF-8"?>
<!-- Generated by org.testng.reporters.JUnitReportReporter -->
<testsuite hostname="LAPTOP-6A97OBMG" failures="0" tests="2" name="day2.Github" time="4.433" errors="0" timestamp="2021-10-08T15:42:34 IST" skipped="0">
  <testcase classname="day2.Github" name="gettingAllRepositeries" time="0.459"/>
  <system-out/>
  <testcase classname="day2.Github" name="createRepositeries" time="3.974"/>
  <system-out/>
</testsuite> <!-- day2.Github -->
