<?xml version="1.0" encoding="UTF-8"?>
<!-- Generated by org.testng.reporters.JUnitReportReporter -->
<testsuite hostname="LAPTOP-6A97OBMG" failures="0" tests="6" name="day2.PositiveContactList" time="4.990" errors="0" timestamp="2021-10-08T11:57:14 IST" skipped="2">
  <testcase classname="day2.PositiveContactList" name="updateContact" time="0.478"/>
  <system-out/>
  <testcase classname="day2.PositiveContactList" name="AddContact" time="3.605"/>
  <system-out/>
  <testcase classname="day2.PositiveContactList" name="deleteContact" time="0.439"/>
  <system-out/>
  <testcase classname="day2.PositiveContactList" name="getSpecificContact2" time="0.468"/>
  <system-out/>
  <testcase classname="day2.PositiveContactList" name="getContactListInfo">
    <skipped/>
  </testcase> <!-- getContactListInfo -->
  <system-out/>
  <testcase classname="day2.PositiveContactList" name="getSpecificContact">
    <skipped/>
  </testcase> <!-- getSpecificContact -->
  <system-out/>
</testsuite> <!-- day2.PositiveContactList -->
